<?xml version="1.0" encoding="UTF-8"?>
<!-- Generated by org.testng.reporters.JUnitReportReporter -->
<testsuite hostname="Azarudeen-Lenovo" failures="0" tests="2" name="testcase_US.Create_Job_Invoicev4_US" time="37.623" errors="0" timestamp="2022-03-25T12:37:55 IST" skipped="0">
  <testcase classname="testcase_US.Create_Job_Invoicev4_US" name="login" time="5.844"/>
  <system-out/>
  <testcase classname="testcase_US.Create_Job_Invoicev4_US" name="Addjob_NoRules_DiaryEvent" time="31.779"/>
  <system-out/>
</testsuite> <!-- testcase_US.Create_Job_Invoicev4_US -->
