<?xml version="1.0" encoding="UTF-8"?>
<!-- Generated by org.testng.reporters.JUnitReportReporter -->
<testsuite hostname="Azarudeen-Lenovo" failures="0" tests="3" name="testcase_US.Portals_US" time="240.079" errors="0" timestamp="2022-04-01T15:31:47 IST" skipped="0">
  <testcase classname="testcase_US.Portals_US" name="login" time="9.002"/>
  <system-out/>
  <testcase classname="testcase_US.Portals_US" name="Estimate_Accepted_In_Portal_With_Payment" time="129.055"/>
  <system-out/>
  <testcase classname="testcase_US.Portals_US" name="Estimate_Accepted_In_Portal_Without_Payment" time="102.022"/>
  <system-out/>
</testsuite> <!-- testcase_US.Portals_US -->
