<?xml version="1.0" encoding="UTF-8"?>
<!-- Generated by org.testng.reporters.JUnitReportReporter -->
<testsuite hostname="Azarudeen-Lenovo" failures="0" tests="2" name="testcase_US.CustomerModule_US" time="10.654" errors="0" timestamp="2022-03-28T17:09:16 IST" skipped="0">
  <testcase classname="testcase_US.CustomerModule_US" name="login" time="5.633"/>
  <system-out/>
  <testcase classname="testcase_US.CustomerModule_US" name="Customer_Add" time="5.021"/>
  <system-out/>
</testsuite> <!-- testcase_US.CustomerModule_US -->
