<?xml version="1.0" encoding="UTF-8"?>
<!-- Generated by org.testng.reporters.JUnitReportReporter -->
<testsuite hostname="Azarudeen-Lenovo" failures="0" tests="1" name="testcase_US.Changeinvoicetype_US" time="5.957" errors="0" timestamp="2022-03-30T17:31:59 IST" skipped="0">
  <testcase classname="testcase_US.Changeinvoicetype_US" name="login" time="5.957"/>
  <system-out/>
</testsuite> <!-- testcase_US.Changeinvoicetype_US -->
