<?xml version="1.0" encoding="UTF-8"?>
<!-- Generated by org.testng.reporters.JUnitReportReporter -->
<testsuite hostname="Azarudeen-Lenovo" failures="0" tests="4" name="lable.Invoice_module" time="88.366" errors="0" timestamp="2022-04-06T17:48:55 IST" skipped="0">
  <testcase classname="lable.Invoice_module" name="add_invoice" time="32.996"/>
  <system-out/>
  <testcase classname="lable.Invoice_module" name="edit_invoice" time="23.411"/>
  <system-out/>
  <testcase classname="lable.Invoice_module" name="delete_invoice" time="2.941"/>
  <system-out/>
  <testcase classname="lable.Invoice_module" name="adding_additional_invoice_nobreakdown" time="29.018"/>
  <system-out/>
</testsuite> <!-- lable.Invoice_module -->
