<?xml version="1.0" encoding="UTF-8"?>
<!-- Generated by org.testng.reporters.JUnitReportReporter -->
<testsuite hostname="Karnan-Lenovo" failures="0" tests="2" name="testcase.Karna_UnitTest" time="166.080" errors="0" timestamp="2022-03-01T15:33:55 IST" skipped="0">
  <testcase classname="testcase.Karna_UnitTest" name="login" time="37.090"/>
  <system-out/>
  <testcase classname="testcase.Karna_UnitTest" name="ss" time="128.990"/>
  <system-out/>
</testsuite> <!-- testcase.Karna_UnitTest -->
