<?xml version="1.0" encoding="UTF-8"?>
<!-- Generated by org.testng.reporters.JUnitReportReporter -->
<testsuite hostname="Azarudeen-Lenovo" failures="0" tests="3" name="lable.Invoice_module" time="51.942" errors="0" timestamp="2022-04-06T15:02:08 IST" skipped="0">
  <testcase classname="lable.Invoice_module" name="add_invoice" time="26.118"/>
  <system-out/>
  <testcase classname="lable.Invoice_module" name="edit_invoice" time="21.442"/>
  <system-out/>
  <testcase classname="lable.Invoice_module" name="delete_invoice" time="4.382"/>
  <system-out/>
</testsuite> <!-- lable.Invoice_module -->
