<?xml version="1.0" encoding="UTF-8"?>
<!-- Generated by org.testng.reporters.JUnitReportReporter -->
<testsuite hostname="EzhilRaja" failures="0" tests="6" name="lable.Job_Module" time="552.681" errors="0" timestamp="2022-04-07T16:28:48 IST" skipped="0">
  <testcase classname="lable.Job_Module" name="AddCustomer" time="31.558"/>
  <system-out/>
  <testcase classname="lable.Job_Module" name="jobadd" time="122.668"/>
  <system-out/>
  <testcase classname="lable.Job_Module" name="jobedit" time="121.562"/>
  <system-out/>
  <testcase classname="lable.Job_Module" name="Jobdelete" time="19.035"/>
  <system-out/>
  <testcase classname="lable.Job_Module" name="jobaddFOC" time="109.394"/>
  <system-out/>
  <testcase classname="lable.Job_Module" name="jobeditFOC" time="148.464"/>
  <system-out/>
</testsuite> <!-- lable.Job_Module -->
