<?xml version="1.0" encoding="UTF-8"?>
<!-- Generated by org.testng.reporters.JUnitReportReporter -->
<testsuite hostname="Karnan-Lenovo" failures="0" tests="5" name="lable.Customer_Module" time="424.455" errors="0" timestamp="2022-04-05T17:51:54 IST" skipped="0">
  <testcase classname="lable.Customer_Module" name="login" time="33.344"/>
  <system-out/>
  <testcase classname="lable.Customer_Module" name="Add_Edit_Delete_Customer" time="86.491"/>
  <system-out/>
  <testcase classname="lable.Customer_Module" name="Add_Edit_Delete_Company" time="120.084"/>
  <system-out/>
  <testcase classname="lable.Customer_Module" name="Contact_To_Primary" time="84.579"/>
  <system-out/>
  <testcase classname="lable.Customer_Module" name="Add_Edit_Delete_Branch" time="99.957"/>
  <system-out/>
</testsuite> <!-- lable.Customer_Module -->
