<?xml version="1.0" encoding="UTF-8"?>
<!-- Generated by org.testng.reporters.JUnitReportReporter -->
<testsuite hostname="Karnan-Lenovo" failures="0" tests="6" name="lable.Customer_Module" time="644.780" errors="0" timestamp="2022-04-12T11:16:48 IST" skipped="0">
  <testcase classname="lable.Customer_Module" name="Add_Edit_Delete_Customer" time="87.335"/>
  <system-out/>
  <testcase classname="lable.Customer_Module" name="Add_Edit_Delete_Company" time="120.721"/>
  <system-out/>
  <testcase classname="lable.Customer_Module" name="Contact_To_Primary" time="85.023"/>
  <system-out/>
  <testcase classname="lable.Customer_Module" name="Add_Edit_Delete_Branch" time="97.675"/>
  <system-out/>
  <testcase classname="lable.Customer_Module" name="Add_Edit_Delete_WA" time="163.270"/>
  <system-out/>
  <testcase classname="lable.Customer_Module" name="Add_Edit_Delete_Reminder" time="90.756"/>
  <system-out/>
</testsuite> <!-- lable.Customer_Module -->
