<?xml version="1.0" encoding="UTF-8"?>
<!-- Generated by org.testng.reporters.JUnitReportReporter -->
<testsuite hostname="EzhilRaja" failures="0" tests="10" name="lable.Job_Module" time="463.712" errors="0" timestamp="2022-04-11T16:17:49 IST" skipped="0">
  <testcase classname="lable.Job_Module" name="AddCustomer" time="32.727"/>
  <system-out/>
  <testcase classname="lable.Job_Module" name="jobadd" time="56.502"/>
  <system-out/>
  <testcase classname="lable.Job_Module" name="jobedit" time="52.958"/>
  <system-out/>
  <testcase classname="lable.Job_Module" name="Jobdelete" time="10.096"/>
  <system-out/>
  <testcase classname="lable.Job_Module" name="jobaddFOC" time="52.004"/>
  <system-out/>
  <testcase classname="lable.Job_Module" name="jobFOC" time="17.566"/>
  <system-out/>
  <testcase classname="lable.Job_Module" name="jobaddcomplete" time="51.157"/>
  <system-out/>
  <testcase classname="lable.Job_Module" name="jobcompelete" time="15.054"/>
  <system-out/>
  <testcase classname="lable.Job_Module" name="Recalljob" time="105.764"/>
  <system-out/>
  <testcase classname="lable.Job_Module" name="Aboutjob" time="69.884"/>
  <system-out/>
</testsuite> <!-- lable.Job_Module -->
