<?xml version="1.0" encoding="UTF-8"?>
<!-- Generated by org.testng.reporters.JUnitReportReporter -->
<testsuite hostname="EzhilRaja" failures="0" tests="3" name="testcase.Jobmodule_ezhil" time="267.518" errors="0" timestamp="2022-04-07T12:41:01 IST" skipped="0">
  <testcase classname="testcase.Jobmodule_ezhil" name="jobadd" time="127.040"/>
  <system-out/>
  <testcase classname="testcase.Jobmodule_ezhil" name="jobedit" time="121.807"/>
  <system-out/>
  <testcase classname="testcase.Jobmodule_ezhil" name="Jobdelete" time="18.671"/>
  <system-out/>
</testsuite> <!-- testcase.Jobmodule_ezhil -->
