<?xml version="1.0" encoding="UTF-8"?>
<!-- Generated by org.testng.reporters.JUnitReportReporter -->
<testsuite hostname="Karnan-Lenovo" failures="0" tests="1" name="lable.Customer_Module" time="100.043" errors="0" timestamp="2022-04-11T18:37:10 IST" skipped="0">
  <testcase classname="lable.Customer_Module" name="Add_Edit_Delete_Reminder" time="100.043"/>
  <system-out/>
</testsuite> <!-- lable.Customer_Module -->
