<?xml version="1.0" encoding="UTF-8"?>
<!-- Generated by org.testng.reporters.JUnitReportReporter -->
<testsuite hostname="Karnan-Lenovo" failures="0" tests="1" name="testcase.Checking" time="1.122" errors="0" timestamp="2022-04-05T18:11:43 IST" skipped="0">
  <testcase classname="testcase.Checking" name="SlackCommusoft" time="1.122"/>
  <system-out/>
</testsuite> <!-- testcase.Checking -->
