<?xml version="1.0" encoding="UTF-8"?>
<!-- Generated by org.testng.reporters.JUnitReportReporter -->
<testsuite hostname="Karnan-Lenovo" failures="0" tests="3" name="testcase.Portals" time="266.805" errors="0" timestamp="2022-03-01T17:43:27 IST" skipped="0">
  <testcase classname="testcase.Portals" name="login" time="38.292"/>
  <system-out/>
  <testcase classname="testcase.Portals" name="Estimate_Accepted_In_Portal" time="127.897"/>
  <system-out/>
  <testcase classname="testcase.Portals" name="Estimate_Accepted_In_Portal_No_Payment" time="100.616"/>
  <system-out/>
</testsuite> <!-- testcase.Portals -->
