<?xml version="1.0" encoding="UTF-8"?>
<!-- Generated by org.testng.reporters.JUnitReportReporter -->
<testsuite hostname="EzhilRaja" failures="0" tests="4" name="lable.Job_Module" time="296.034" errors="0" timestamp="2022-04-07T13:16:13 IST" skipped="0">
  <testcase classname="lable.Job_Module" name="AddCustomer" time="32.844"/>
  <system-out/>
  <testcase classname="lable.Job_Module" name="jobadd" time="122.207"/>
  <system-out/>
  <testcase classname="lable.Job_Module" name="jobedit" time="121.744"/>
  <system-out/>
  <testcase classname="lable.Job_Module" name="Jobdelete" time="19.239"/>
  <system-out/>
</testsuite> <!-- lable.Job_Module -->
