<?xml version="1.0" encoding="UTF-8"?>
<!-- Generated by org.testng.reporters.JUnitReportReporter -->
<testsuite hostname="Karnan-Lenovo" failures="0" tests="3" name="testcase.Karna_Customer" time="230.397" errors="0" timestamp="2022-04-05T14:59:02 IST" skipped="0">
  <testcase classname="testcase.Karna_Customer" name="login" time="36.452"/>
  <system-out/>
  <testcase classname="testcase.Karna_Customer" name="Add_Edit_Delete_Customer" time="81.340"/>
  <system-out/>
  <testcase classname="testcase.Karna_Customer" name="Add_Edit_Delete_Company" time="112.605"/>
  <system-out/>
</testsuite> <!-- testcase.Karna_Customer -->
