<?xml version="1.0" encoding="UTF-8"?>
<!-- Generated by org.testng.reporters.JUnitReportReporter -->
<testsuite hostname="Karnan-Lenovo" failures="0" tests="4" name="lable.Customer_Module" time="328.315" errors="0" timestamp="2022-04-05T16:23:52 IST" skipped="0">
  <testcase classname="lable.Customer_Module" name="login" time="37.563"/>
  <system-out/>
  <testcase classname="lable.Customer_Module" name="Add_Edit_Delete_Customer" time="85.998"/>
  <system-out/>
  <testcase classname="lable.Customer_Module" name="Add_Edit_Delete_Company" time="120.123"/>
  <system-out/>
  <testcase classname="lable.Customer_Module" name="Contact_To_Primary" time="84.631"/>
  <system-out/>
</testsuite> <!-- lable.Customer_Module -->
