<?xml version="1.0" encoding="UTF-8"?>
<!-- Generated by org.testng.reporters.JUnitReportReporter -->
<testsuite hostname="Karnan-Lenovo" failures="0" tests="2" name="testcase.Karna_Customer" time="116.201" errors="0" timestamp="2022-04-04T17:46:52 IST" skipped="0">
  <testcase classname="testcase.Karna_Customer" name="login" time="35.045"/>
  <system-out/>
  <testcase classname="testcase.Karna_Customer" name="add" time="81.156"/>
  <system-out/>
</testsuite> <!-- testcase.Karna_Customer -->
