<?xml version="1.0" encoding="UTF-8"?>
<!-- Generated by org.testng.reporters.JUnitReportReporter -->
<testsuite hostname="Karnan-Lenovo" failures="0" tests="7" name="lable.Customer_Module" time="734.113" errors="0" timestamp="2022-04-19T17:34:45 IST" skipped="0">
  <testcase classname="lable.Customer_Module" name="Add_Edit_Delete_Customer" time="87.402"/>
  <system-out/>
  <testcase classname="lable.Customer_Module" name="Add_Edit_Delete_Company" time="120.575"/>
  <system-out/>
  <testcase classname="lable.Customer_Module" name="Contact_To_Primary" time="86.315"/>
  <system-out/>
  <testcase classname="lable.Customer_Module" name="Add_Edit_Delete_Branch" time="97.426"/>
  <system-out/>
  <testcase classname="lable.Customer_Module" name="Add_Edit_Delete_WA" time="163.986"/>
  <system-out/>
  <testcase classname="lable.Customer_Module" name="Add_Edit_Delete_Service_Reminder" time="91.021"/>
  <system-out/>
  <testcase classname="lable.Customer_Module" name="Add_Edit_Delete_Reminder" time="87.388"/>
  <system-out/>
</testsuite> <!-- lable.Customer_Module -->
