<?xml version="1.0" encoding="UTF-8"?>
<!-- Generated by org.testng.reporters.JUnitReportReporter -->
<testsuite hostname="Karnan-Lenovo" failures="0" tests="2" name="testcase.Karna_Customer" time="69.620" errors="0" timestamp="2022-04-04T16:01:41 IST" skipped="0">
  <testcase classname="testcase.Karna_Customer" name="login" time="38.437"/>
  <system-out/>
  <testcase classname="testcase.Karna_Customer" name="add" time="31.183"/>
  <system-out/>
</testsuite> <!-- testcase.Karna_Customer -->
