<?xml version="1.0" encoding="UTF-8"?>
<!-- Generated by org.testng.reporters.JUnitReportReporter -->
<testsuite hostname="Karnan-Lenovo" failures="0" tests="5" name="lable.Customer_Module" time="407.302" errors="0" timestamp="2022-04-05T18:21:12 IST" skipped="0">
  <testcase classname="lable.Customer_Module" name="login" time="5.690"/>
  <system-out/>
  <testcase classname="lable.Customer_Module" name="Add_Edit_Delete_Customer" time="96.816"/>
  <system-out/>
  <testcase classname="lable.Customer_Module" name="Add_Edit_Delete_Company" time="121.576"/>
  <system-out/>
  <testcase classname="lable.Customer_Module" name="Contact_To_Primary" time="85.391"/>
  <system-out/>
  <testcase classname="lable.Customer_Module" name="Add_Edit_Delete_Branch" time="97.829"/>
  <system-out/>
</testsuite> <!-- lable.Customer_Module -->
