<?xml version="1.0" encoding="UTF-8"?>
<!-- Generated by org.testng.reporters.JUnitReportReporter -->
<testsuite hostname="Karnan-Lenovo" failures="0" tests="3" name="lable.Customer_Module" time="313.138" errors="0" timestamp="2022-04-05T19:49:27 IST" skipped="0">
  <testcase classname="lable.Customer_Module" name="Add_Edit_Delete_Company" time="128.890"/>
  <system-out/>
  <testcase classname="lable.Customer_Module" name="Contact_To_Primary" time="85.894"/>
  <system-out/>
  <testcase classname="lable.Customer_Module" name="Add_Edit_Delete_Branch" time="98.354"/>
  <system-out/>
</testsuite> <!-- lable.Customer_Module -->
